<?xml version="1.0" encoding="UTF-8"?>
<!-- Generated by org.testng.reporters.JUnitReportReporter -->
<testsuite hostname="LAPTOP-MBNNNHC8" failures="0" tests="4" name="com.hrmproject.tests.LoginTest" time="49.755" errors="0" timestamp="2025-06-06T16:25:43 IST" skipped="0">
  <testcase classname="com.hrmproject.tests.LoginTest" name="successfulLoginTest" time="10.235"/>
  <testcase classname="com.hrmproject.tests.LoginTest" name="successfulLoginTest" time="12.655"/>
  <testcase classname="com.hrmproject.tests.LoginTest" name="failedLoginTest" time="16.648"/>
  <testcase classname="com.hrmproject.tests.LoginTest" name="failedLoginTest" time="10.217"/>
</testsuite> <!-- com.hrmproject.tests.LoginTest -->
